<?xml version="1.0" encoding="UTF-8"?>
<testsuite xmlns:xsi="http://www.w3.org/2001/XMLSchema-instance" xsi:noNamespaceSchemaLocation="https://maven.apache.org/surefire/maven-surefire-plugin/xsd/surefire-test-report.xsd" name="com.lcwr.junit5.GreetingImplTest" time="0.188" tests="3" errors="0" skipped="0" failures="0">
  <properties>
[...]
</properties>
  <testcase name="greetShouldThrowAnException_For_NameIsNull" classname="com.lcwr.junit5.GreetingImplTest" time="0.091"/>
  <testcase name="greetShouldReturnAValidOutput" classname="com.lcwr.junit5.GreetingImplTest" time="0.024"/>
  <testcase name="greetShouldThrowAnException_For_NameIsBlank" classname="com.lcwr.junit5.GreetingImplTest" time="0.013"/>
</testsuite>